2025-04-16 22:18:19 INFO: graph_10_None_[[23, 45, 12]] COMPILE PASS
2025-04-16 22:18:19 INFO: graph_10_None_[[23, 45, 12]] EXEC PASS
2025-04-16 22:18:23 INFO: graph_13_None_[[1, 45, 12], [32]] COMPILE PASS
2025-04-16 22:18:23 INFO: graph_13_None_[[1, 45, 12], [32]] EXEC PASS
2025-04-16 22:18:25 INFO: graph_14_None_[[1, 33, 1, 44]] COMPILE PASS
2025-04-16 22:18:25 INFO: graph_14_None_[[1, 33, 1, 44]] EXEC PASS
2025-04-16 22:18:28 INFO: graph_15_None_[[11, 22, 33, 44], [22, 33, 44, 55]] COMPILE PASS
2025-04-16 22:18:28 INFO: graph_15_None_[[11, 22, 33, 44], [22, 33, 44, 55]] EXEC PASS
2025-04-16 22:18:32 INFO: graph_17_None_[[11, 22, 6, 7]] COMPILE PASS
2025-04-16 22:18:32 INFO: graph_17_None_[[11, 22, 6, 7]] EXEC PASS
2025-04-16 22:18:35 INFO: graph_18_None_[[11, 22, 33, 44], [10, 10]] COMPILE PASS
2025-04-16 22:18:35 INFO: graph_18_None_[[11, 22, 33, 44], [10, 10]] EXEC PASS
2025-04-16 22:18:37 INFO: graph_19_None_[[23, 5, 12]] COMPILE PASS
2025-04-16 22:18:37 INFO: graph_19_None_[[23, 5, 12]] EXEC PASS
2025-04-16 22:18:38 INFO: graph_1_None_[[11, 22, 33, 44], [11, 22, 44, 33]] COMPILE PASS
2025-04-16 22:18:38 INFO: graph_1_None_[[11, 22, 33, 44], [11, 22, 44, 33]] EXEC PASS
2025-04-16 22:18:40 INFO: graph_20_None_[[23, 5, 12]] COMPILE PASS
2025-04-16 22:18:40 INFO: graph_20_None_[[23, 5, 12]] EXEC PASS
2025-04-16 22:18:42 INFO: graph_21_None_[[23, 5, 12]] COMPILE PASS
2025-04-16 22:18:42 INFO: graph_21_None_[[23, 5, 12]] EXEC PASS
2025-04-16 22:18:44 INFO: graph_22_None_[[1, 45, 12]] COMPILE PASS
2025-04-16 22:18:44 INFO: graph_22_None_[[1, 45, 12]] EXEC PASS
2025-04-16 22:18:46 INFO: graph_23_None_[[23, 5, 12]] COMPILE PASS
2025-04-16 22:18:46 INFO: graph_23_None_[[23, 5, 12]] EXEC PASS
2025-04-16 22:18:48 INFO: graph_24_None_[[11, 22, 33, 44], [22, 33, 44, 55]] COMPILE PASS
2025-04-16 22:18:48 INFO: graph_24_None_[[11, 22, 33, 44], [22, 33, 44, 55]] EXEC PASS
2025-04-16 22:18:50 INFO: graph_25_None_[[3, 45, 12]] COMPILE PASS
2025-04-16 22:18:50 INFO: graph_25_None_[[3, 45, 12]] EXEC PASS
2025-04-16 22:18:55 INFO: graph_28_None_[[43, 54, 16, 17]] COMPILE PASS
2025-04-16 22:18:55 INFO: graph_28_None_[[43, 54, 16, 17]] EXEC PASS
2025-04-16 22:18:58 INFO: graph_2_None_[[4, 5, 6], [20, 6]] COMPILE PASS
2025-04-16 22:18:58 INFO: graph_2_None_[[4, 5, 6], [20, 6]] EXEC PASS
2025-04-16 22:19:00 INFO: graph_30_None_[[11, 22, 33, 44]] COMPILE PASS
2025-04-16 22:19:00 INFO: graph_30_None_[[11, 22, 33, 44]] EXEC PASS
2025-04-16 22:19:04 INFO: graph_4_None_[[10, 20, 3, 4]] COMPILE PASS
2025-04-16 22:19:04 INFO: graph_4_None_[[10, 20, 3, 4]] EXEC FAIL
2025-04-16 22:19:04 INFO: graph_4_None_[[10, 20, 3, 4]] EXEC PASS
2025-04-16 22:19:06 INFO: graph_5_None_[[10, 20, 32, 4], [4, 32, 120]] COMPILE PASS
2025-04-16 22:19:06 INFO: graph_5_None_[[10, 20, 32, 4], [4, 32, 120]] EXEC PASS
2025-04-16 22:19:08 INFO: graph_6_None_[[11, 22, 33, 44]] COMPILE PASS
2025-04-16 22:19:08 INFO: graph_6_None_[[11, 22, 33, 44]] EXEC PASS
2025-04-16 22:19:09 INFO: graph_7_None_[[11, 22, 33, 44], [22, 33, 44, 55]] COMPILE PASS
2025-04-16 22:19:09 INFO: graph_7_None_[[11, 22, 33, 44], [22, 33, 44, 55]] EXEC PASS
2025-04-16 22:19:11 INFO: graph_8_None_[[11, 22, 33, 44], [22, 33, 44, 55]] COMPILE PASS
2025-04-16 22:19:11 INFO: graph_8_None_[[11, 22, 33, 44], [22, 33, 44, 55]] EXEC PASS
2025-04-16 22:19:13 INFO: graph_9_None_[[11, 22, 33, 44], [22, 33, 44, 55]] COMPILE PASS
2025-04-16 22:19:13 INFO: graph_9_None_[[11, 22, 33, 44], [22, 33, 44, 55]] EXEC PASS
2025-04-16 22:19:15 INFO: topology_expansion_[['abs', 'acosh', 'add', 'exp', 'sin', 'acos']]_[[16, 8, 2]] COMPILE PASS
2025-04-16 22:19:15 INFO: topology_expansion_[['abs', 'acosh', 'add', 'exp', 'sin', 'acos']]_[[16, 8, 2]] EXEC PASS
2025-04-16 22:19:17 INFO: topology_expansion_[['abs', 'asinh', 'exp', 'ceil', 'ceil']]_[[1, 9, 2]] COMPILE PASS
2025-04-16 22:19:17 INFO: topology_expansion_[['abs', 'asinh', 'exp', 'ceil', 'ceil']]_[[1, 9, 2]] EXEC PASS
2025-04-16 22:19:19 INFO: topology_expansion_[['abs', 'cos', 'asinh', 'subtract', 'atanh', 'asin']]_[[1, 15, 2]] COMPILE PASS
2025-04-16 22:19:19 INFO: topology_expansion_[['abs', 'cos', 'asinh', 'subtract', 'atanh', 'asin']]_[[1, 15, 2]] EXEC PASS
2025-04-16 22:19:22 INFO: topology_expansion_[['acos', 'cos', 'asinh', 'sin', 'atan']]_[[19, 17, 15]] COMPILE PASS
2025-04-16 22:19:22 INFO: topology_expansion_[['acos', 'cos', 'asinh', 'sin', 'atan']]_[[19, 17, 15]] EXEC PASS
2025-04-16 22:19:24 INFO: topology_expansion_[['acosh', 'asinh', 'mod', 'cos', 'mod']]_[[2, 12, 20]] COMPILE PASS
2025-04-16 22:19:24 INFO: topology_expansion_[['acosh', 'asinh', 'mod', 'cos', 'mod']]_[[2, 12, 20]] EXEC PASS
2025-04-16 22:19:26 INFO: topology_expansion_[['acosh', 'ceil', 'add', 'cos']]_[[3, 9, 3]] COMPILE PASS
2025-04-16 22:19:26 INFO: topology_expansion_[['acosh', 'ceil', 'add', 'cos']]_[[3, 9, 3]] EXEC PASS
2025-04-16 22:19:28 INFO: topology_expansion_[['add', 'acos', 'sin', 'cos', 'abs', 'multiply']]_[[8, 12, 16], [2, 9, 7], [8, 12, 16]] COMPILE PASS
2025-04-16 22:19:28 INFO: topology_expansion_[['add', 'acos', 'sin', 'cos', 'abs', 'multiply']]_[[8, 12, 16], [2, 9, 7], [8, 12, 16]] EXEC PASS
2025-04-16 22:19:30 INFO: topology_expansion_[['add', 'atan']]_[[1, 14, 4], [14, 17, 6], [1, 14, 4]] COMPILE PASS
2025-04-16 22:19:30 INFO: topology_expansion_[['add', 'atan']]_[[1, 14, 4], [14, 17, 6], [1, 14, 4]] EXEC PASS
2025-04-16 22:19:31 INFO: topology_expansion_[['asinh', 'acos', 'ceil', 'sin']]_[[14, 17, 9]] COMPILE PASS
2025-04-16 22:19:31 INFO: topology_expansion_[['asinh', 'acos', 'ceil', 'sin']]_[[14, 17, 9]] EXEC PASS
2025-04-16 22:19:33 INFO: topology_expansion_[['asinh', 'asin', 'atanh', 'sin']]_[[2, 11, 7]] COMPILE PASS
2025-04-16 22:19:33 INFO: topology_expansion_[['asinh', 'asin', 'atanh', 'sin']]_[[2, 11, 7]] EXEC PASS
2025-04-16 22:19:35 INFO: topology_expansion_[['asinh', 'atan', 'cos', 'asinh', 'acosh']]_[[16, 18, 10]] COMPILE PASS
2025-04-16 22:19:35 INFO: topology_expansion_[['asinh', 'atan', 'cos', 'asinh', 'acosh']]_[[16, 18, 10]] EXEC PASS
2025-04-16 22:19:37 INFO: topology_expansion_[['asinh', 'multiply', 'exp']]_[[11, 8, 3]] COMPILE PASS
2025-04-16 22:19:37 INFO: topology_expansion_[['asinh', 'multiply', 'exp']]_[[11, 8, 3]] EXEC PASS
2025-04-16 22:19:38 INFO: topology_expansion_[['asinh', 'sin', 'mod']]_[[4, 3, 17]] COMPILE PASS
2025-04-16 22:19:38 INFO: topology_expansion_[['asinh', 'sin', 'mod']]_[[4, 3, 17]] EXEC PASS
2025-04-16 22:19:40 INFO: topology_expansion_[['atan', 'atan', 'abs', 'atan']]_[[6, 3, 7]] COMPILE PASS
2025-04-16 22:19:40 INFO: topology_expansion_[['atan', 'atan', 'abs', 'atan']]_[[6, 3, 7]] EXEC PASS
2025-04-16 22:19:42 INFO: topology_expansion_[['atan', 'cos', 'add', 'exp']]_[[16, 17, 4]] COMPILE PASS
2025-04-16 22:19:42 INFO: topology_expansion_[['atan', 'cos', 'add', 'exp']]_[[16, 17, 4]] EXEC PASS
2025-04-16 22:19:44 INFO: topology_expansion_[['atanh', 'asin', 'atanh', 'abs', 'asin']]_[[2, 5, 15]] COMPILE PASS
2025-04-16 22:19:44 INFO: topology_expansion_[['atanh', 'asin', 'atanh', 'abs', 'asin']]_[[2, 5, 15]] EXEC PASS
2025-04-16 22:19:46 INFO: topology_expansion_[['atanh', 'atan', 'cos', 'atan']]_[[9, 12, 16]] COMPILE PASS
2025-04-16 22:19:46 INFO: topology_expansion_[['atanh', 'atan', 'cos', 'atan']]_[[9, 12, 16]] EXEC PASS
2025-04-16 22:19:47 INFO: topology_expansion_[['atanh', 'ceil', 'acosh', 'ceil', 'ceil']]_[[15, 10, 18]] COMPILE PASS
2025-04-16 22:19:47 INFO: topology_expansion_[['atanh', 'ceil', 'acosh', 'ceil', 'ceil']]_[[15, 10, 18]] EXEC PASS
2025-04-16 22:19:49 INFO: topology_expansion_[['ceil', 'asin', 'abs', 'asin', 'multiply', 'asinh']]_[[9, 10, 5]] COMPILE PASS
2025-04-16 22:19:49 INFO: topology_expansion_[['ceil', 'asin', 'abs', 'asin', 'multiply', 'asinh']]_[[9, 10, 5]] EXEC PASS
2025-04-16 22:19:51 INFO: topology_expansion_[['ceil', 'asin', 'atanh', 'acos', 'sin', 'exp', 'asin']]_[[9, 11, 6]] COMPILE PASS
2025-04-16 22:19:51 INFO: topology_expansion_[['ceil', 'asin', 'atanh', 'acos', 'sin', 'exp', 'asin']]_[[9, 11, 6]] EXEC PASS
2025-04-16 22:19:53 INFO: topology_expansion_[['ceil', 'mod', 'asinh', 'atan', 'batch_matmul']]_[[20, 8, 8]] COMPILE PASS
2025-04-16 22:19:53 INFO: topology_expansion_[['ceil', 'mod', 'asinh', 'atan', 'batch_matmul']]_[[20, 8, 8]] EXEC PASS
2025-04-16 22:19:54 INFO: topology_expansion_[['ceil']]_[[10, 17, 20]] COMPILE PASS
2025-04-16 22:19:54 INFO: topology_expansion_[['ceil']]_[[10, 17, 20]] EXEC PASS
2025-04-16 22:19:56 INFO: topology_expansion_[['cos', 'acosh', 'ceil', 'sin', 'abs', 'divide']]_[[1, 7, 11]] COMPILE PASS
2025-04-16 22:19:56 INFO: topology_expansion_[['cos', 'acosh', 'ceil', 'sin', 'abs', 'divide']]_[[1, 7, 11]] EXEC PASS
2025-04-16 22:19:58 INFO: topology_expansion_[['cos', 'add', 'atanh']]_[[8, 1, 18]] COMPILE PASS
2025-04-16 22:19:58 INFO: topology_expansion_[['cos', 'add', 'atanh']]_[[8, 1, 18]] EXEC PASS
2025-04-16 22:20:00 INFO: topology_expansion_[['cos', 'divide', 'atanh']]_[[11, 2, 8]] COMPILE PASS
2025-04-16 22:20:00 INFO: topology_expansion_[['cos', 'divide', 'atanh']]_[[11, 2, 8]] EXEC PASS
2025-04-16 22:20:02 INFO: topology_expansion_[['divide', 'add', 'exp', 'acosh', 'atanh', 'atan']]_[[20, 13, 9], [16, 4, 9], [20, 13, 9]] COMPILE PASS
2025-04-16 22:20:02 INFO: topology_expansion_[['divide', 'add', 'exp', 'acosh', 'atanh', 'atan']]_[[20, 13, 9], [16, 4, 9], [20, 13, 9]] EXEC PASS
2025-04-16 22:20:03 INFO: topology_expansion_[['divide', 'asinh', 'subtract', 'abs', 'exp']]_[[18, 1, 10], [16, 1, 3], [18, 1, 10]] COMPILE PASS
2025-04-16 22:20:03 INFO: topology_expansion_[['divide', 'asinh', 'subtract', 'abs', 'exp']]_[[18, 1, 10], [16, 1, 3], [18, 1, 10]] EXEC PASS
2025-04-16 22:20:05 INFO: topology_expansion_[['divide', 'atan', 'cos', 'subtract']]_[[9, 13, 10], [17, 7, 20], [9, 13, 10]] COMPILE PASS
2025-04-16 22:20:05 INFO: topology_expansion_[['divide', 'atan', 'cos', 'subtract']]_[[9, 13, 10], [17, 7, 20], [9, 13, 10]] EXEC PASS
2025-04-16 22:20:06 INFO: topology_expansion_[['divide', 'divide', 'cos', 'asinh', 'acos', 'asinh']]_[[15, 18, 5], [8, 9, 2], [15, 18, 5]] COMPILE PASS
2025-04-16 22:20:06 INFO: topology_expansion_[['divide', 'divide', 'cos', 'asinh', 'acos', 'asinh']]_[[15, 18, 5], [8, 9, 2], [15, 18, 5]] EXEC PASS
2025-04-16 22:20:08 INFO: topology_expansion_[['divide', 'subtract', 'multiply', 'asinh', 'atanh']]_[[19, 15, 9], [19, 12, 17], [19, 15, 9]] COMPILE PASS
2025-04-16 22:20:08 INFO: topology_expansion_[['divide', 'subtract', 'multiply', 'asinh', 'atanh']]_[[19, 15, 9], [19, 12, 17], [19, 15, 9]] EXEC PASS
2025-04-16 22:20:10 INFO: topology_expansion_[['exp', 'atanh']]_[[13, 17, 7]] COMPILE PASS
2025-04-16 22:20:10 INFO: topology_expansion_[['exp', 'atanh']]_[[13, 17, 7]] EXEC PASS
2025-04-16 22:20:11 INFO: topology_expansion_[['mod', 'acosh', 'acosh', 'ceil', 'batch_matmul', 'subtract', 'acos']]_[[10, 15, 5], [10, 20, 3], [10, 15, 5], [10, 5, 1]] COMPILE PASS
2025-04-16 22:20:11 INFO: topology_expansion_[['mod', 'acosh', 'acosh', 'ceil', 'batch_matmul', 'subtract', 'acos']]_[[10, 15, 5], [10, 20, 3], [10, 15, 5], [10, 5, 1]] EXEC PASS
2025-04-16 22:20:13 INFO: topology_expansion_[['mod', 'sin', 'ceil', 'asinh']]_[[14, 2, 1], [20, 9, 19], [14, 2, 1]] COMPILE PASS
2025-04-16 22:20:13 INFO: topology_expansion_[['mod', 'sin', 'ceil', 'asinh']]_[[14, 2, 1], [20, 9, 19], [14, 2, 1]] EXEC PASS
2025-04-16 22:20:15 INFO: topology_expansion_[['multiply', 'abs', 'atanh']]_[[19, 20, 18], [9, 19, 17], [19, 20, 18]] COMPILE PASS
2025-04-16 22:20:15 INFO: topology_expansion_[['multiply', 'abs', 'atanh']]_[[19, 20, 18], [9, 19, 17], [19, 20, 18]] EXEC PASS
2025-04-16 22:20:16 INFO: topology_expansion_[['multiply', 'atanh', 'ceil']]_[[10, 2, 1], [4, 2, 7], [10, 2, 1]] COMPILE PASS
2025-04-16 22:20:16 INFO: topology_expansion_[['multiply', 'atanh', 'ceil']]_[[10, 2, 1], [4, 2, 7], [10, 2, 1]] EXEC PASS
2025-04-16 22:20:18 INFO: topology_expansion_[['sin', 'asinh', 'atan', 'asinh']]_[[4, 1, 19]] COMPILE PASS
2025-04-16 22:20:18 INFO: topology_expansion_[['sin', 'asinh', 'atan', 'asinh']]_[[4, 1, 19]] EXEC PASS
2025-04-16 22:20:20 INFO: topology_expansion_[['sin', 'atanh', 'mod', 'acosh', 'sin', 'asinh']]_[[16, 10, 8]] COMPILE PASS
2025-04-16 22:20:20 INFO: topology_expansion_[['sin', 'atanh', 'mod', 'acosh', 'sin', 'asinh']]_[[16, 10, 8]] EXEC PASS
2025-04-16 22:20:22 INFO: topology_expansion_[['subtract', 'acos', 'ceil', 'mod', 'ceil']]_[[20, 14, 4], [12, 10, 16], [20, 14, 4]] COMPILE PASS
2025-04-16 22:20:22 INFO: topology_expansion_[['subtract', 'acos', 'ceil', 'mod', 'ceil']]_[[20, 14, 4], [12, 10, 16], [20, 14, 4]] EXEC PASS
2025-04-16 22:20:23 INFO: topology_expansion_[['subtract', 'multiply', 'multiply', 'mod', 'ceil']]_[[16, 19, 8], [18, 11, 11], [16, 19, 8]] COMPILE PASS
2025-04-16 22:20:23 INFO: topology_expansion_[['subtract', 'multiply', 'multiply', 'mod', 'ceil']]_[[16, 19, 8], [18, 11, 11], [16, 19, 8]] EXEC PASS
